<?xml version="1.0" encoding="UTF-8" standalone="no"?><?xml-stylesheet type="text/xsl" href="./abstr.xsl"?><abstr><node label="Source"><node label="Decls"><node label="FunDef" lexeme="test"><node label="ParDecls"><location loc="0.0--0.0"/></node><node label="AtomType" spec="VOID"><location loc="1.15--1.18"/></node><node label="BlockExpr"><node label="Decls"><node label="VarDecl" lexeme="a"><node label="AtomType" spec="INT"><location loc="6.14--6.16"/></node><location loc="6.8--6.16"/></node><node label="VarDecl" lexeme="b"><node label="AtomType" spec="BOOL"><location loc="7.14--7.17"/></node><location loc="7.8--7.17"/></node><node label="VarDecl" lexeme="c"><node label="AtomType" spec="CHAR"><location loc="8.14--8.17"/></node><location loc="8.8--8.17"/></node><node label="VarDecl" lexeme="d"><node label="AtomType" spec="INT"><location loc="9.14--9.16"/></node><location loc="9.8--9.16"/></node><node label="VarDecl" lexeme="e"><node label="ArrType"><node label="AtomExpr" lexeme="10" spec="INT"><location loc="10.19--10.20"/></node><node label="AtomType" spec="INT"><location loc="10.23--10.25"/></node><location loc="10.14--10.25"/></node><location loc="10.8--10.25"/></node><node label="VarDecl" lexeme="f"><node label="RecType"><node label="CompDecls"><node label="CompDecl" lexeme="x"><node label="AtomType" spec="INT"><location loc="11.20--11.22"/></node><location loc="11.18--11.22"/></node><node label="CompDecl" lexeme="y"><node label="AtomType" spec="INT"><location loc="11.27--11.29"/></node><location loc="11.25--11.29"/></node><location loc="11.18--11.29"/></node><location loc="11.14--11.29"/></node><location loc="11.8--11.29"/></node><node label="VarDecl" lexeme="g"><node label="PtrType"><node label="AtomType" spec="INT"><location loc="12.18--12.20"/></node><location loc="12.14--12.20"/></node><location loc="12.8--12.20"/></node><node label="VarDecl" lexeme="h"><node label="TypeName" lexeme="my_own_type"><location loc="13.14--13.24"/></node><location loc="13.8--13.24"/></node><node label="VarDecl" lexeme="horribly_nested"><node label="ArrType"><node label="AtomExpr" lexeme="10" spec="INT"><location loc="15.32--15.33"/></node><node label="RecType"><node label="CompDecls"><node label="CompDecl" lexeme="array"><node label="ArrType"><node label="AtomExpr" lexeme="10" spec="INT"><location loc="15.49--15.50"/></node><node label="RecType"><node label="CompDecls"><node label="CompDecl" lexeme="record"><node label="RecType"><node label="CompDecls"><node label="CompDecl" lexeme="vec2"><node label="RecType"><node label="CompDecls"><node label="CompDecl" lexeme="x"><node label="AtomType" spec="INT"><location loc="15.78--15.80"/></node><location loc="15.76--15.80"/></node><node label="CompDecl" lexeme="y"><node label="AtomType" spec="INT"><location loc="15.85--15.87"/></node><location loc="15.83--15.87"/></node><location loc="15.76--15.87"/></node><location loc="15.72--15.87"/></node><location loc="15.67--15.87"/></node><node label="CompDecl" lexeme="vec3"><node label="RecType"><node label="CompDecls"><node label="CompDecl" lexeme="x"><node label="AtomType" spec="INT"><location loc="15.102--15.104"/></node><location loc="15.100--15.104"/></node><node label="CompDecl" lexeme="y"><node label="AtomType" spec="INT"><location loc="15.109--15.111"/></node><location loc="15.107--15.111"/></node><node label="CompDecl" lexeme="z"><node label="AtomType" spec="INT"><location loc="15.116--15.118"/></node><location loc="15.114--15.118"/></node><location loc="15.100--15.118"/></node><location loc="15.96--15.118"/></node><location loc="15.91--15.118"/></node><location loc="15.67--15.118"/></node><location loc="15.63--15.118"/></node><location loc="15.56--15.118"/></node><node label="CompDecl" lexeme="name"><node label="ArrType"><node label="AtomExpr" lexeme="10" spec="INT"><location loc="15.132--15.133"/></node><node label="AtomType" spec="CHAR"><location loc="15.136--15.139"/></node><location loc="15.128--15.139"/></node><location loc="15.123--15.139"/></node><location loc="15.56--15.139"/></node><location loc="15.52--15.139"/></node><location loc="15.45--15.139"/></node><location loc="15.39--15.139"/></node><node label="CompDecl" lexeme="another"><node label="RecType"><node label="CompDecls"><node label="CompDecl" lexeme="val"><node label="AtomType" spec="INT"><location loc="15.159--15.161"/></node><location loc="15.155--15.161"/></node><node label="CompDecl" lexeme="val2"><node label="AtomType" spec="BOOL"><location loc="15.170--15.173"/></node><location loc="15.164--15.173"/></node><location loc="15.155--15.173"/></node><location loc="15.151--15.173"/></node><location loc="15.143--15.173"/></node><location loc="15.39--15.173"/></node><location loc="15.35--15.173"/></node><location loc="15.28--15.173"/></node><location loc="15.8--15.173"/></node><location loc="6.8--15.173"/></node><node label="Stmts"><node label="ExprStmt"><node label="AtomExpr" lexeme="none" spec="VOID"><location loc="2.4--2.7"/></node><location loc="2.4--2.7"/></node><location loc="2.4--2.7"/></node><node label="AtomExpr" lexeme="none" spec="VOID"><location loc="4.4--4.7"/></node><location loc="2.4--15.173"/></node><location loc="1.1--15.173"/></node><location loc="1.1--15.173"/></node><location loc="1.1--15.173"/></node></abstr>