<?xml version="1.0" encoding="UTF-8" standalone="no"?><?xml-stylesheet type="text/xsl" href="./abstr.xsl"?><abstr><node label="Source"><node label="Decls"><node label="FunDef" lexeme="test"><node label="ParDecls"><location loc="0.0--0.0"/></node><node label="AtomType" spec="VOID"><location loc="1.15--1.18"/></node><node label="BlockExpr"><node label="Decls"><location loc="0.0--0.0"/></node><node label="Stmts"><node label="ExprStmt"><node label="BinExpr" spec="ADD"><node label="AtomExpr" lexeme="1" spec="INT"><location loc="2.4--2.4"/></node><node label="AtomExpr" lexeme="1" spec="INT"><location loc="2.6--2.6"/></node><location loc="2.4--2.6"/></node><location loc="2.4--2.6"/></node><node label="AssignStmt"><node label="VarName" lexeme="a"><location loc="3.4--3.4"/></node><node label="AtomExpr" lexeme="1" spec="INT"><location loc="3.8--3.8"/></node><location loc="3.4--3.8"/></node><node label="IfStmt"><node label="BinExpr" spec="EQU"><node label="VarName" lexeme="a"><location loc="4.7--4.7"/></node><node label="AtomExpr" lexeme="3" spec="INT"><location loc="4.12--4.12"/></node><location loc="4.7--4.12"/></node><node label="Stmts"><node label="AssignStmt"><node label="VarName" lexeme="b"><location loc="4.19--4.19"/></node><node label="AtomExpr" lexeme="2" spec="INT"><location loc="4.23--4.23"/></node><location loc="4.19--4.23"/></node><location loc="4.19--4.23"/></node><node label="Stmts"><node label="AssignStmt"><node label="VarName" lexeme="b"><location loc="4.31--4.31"/></node><node label="AtomExpr" lexeme="3" spec="INT"><location loc="4.35--4.35"/></node><location loc="4.31--4.35"/></node><location loc="4.31--4.35"/></node><location loc="4.4--4.35"/></node><node label="WhileStmt"><node label="BinExpr" spec="EQU"><node label="VarName" lexeme="b"><location loc="5.10--5.10"/></node><node label="AtomExpr" lexeme="2" spec="INT"><location loc="5.15--5.15"/></node><location loc="5.10--5.15"/></node><node label="Stmts"><node label="AssignStmt"><node label="VarName" lexeme="b"><location loc="6.8--6.8"/></node><node label="AtomExpr" lexeme="3" spec="INT"><location loc="6.12--6.12"/></node><location loc="6.8--6.12"/></node><node label="AssignStmt"><node label="VarName" lexeme="c"><location loc="7.8--7.8"/></node><node label="AtomExpr" lexeme="4" spec="INT"><location loc="7.12--7.12"/></node><location loc="7.8--7.12"/></node><location loc="6.8--7.12"/></node><location loc="5.4--7.12"/></node><location loc="2.4--7.12"/></node><node label="AtomExpr" lexeme="none" spec="VOID"><location loc="10.4--10.7"/></node><location loc="2.4--10.7"/></node><location loc="1.1--10.7"/></node><location loc="1.1--10.7"/></node><location loc="1.1--10.7"/></node></abstr>